#
# There is insufficient memory for the Java Runtime Environment to continue.
# Native memory allocation (malloc) failed to allocate 4088 bytes for AllocateHeap
# Possible reasons:
#   The system is out of physical RAM or swap space
#   In 32 bit mode, the process size limit was hit
# Possible solutions:
#   Reduce memory load on the system
#   Increase physical memory or swap space
#   Check if swap backing store is full
#   Use 64 bit Java on a 64 bit OS
#   Decrease Java heap size (-Xmx/-Xms)
#   Decrease number of Java threads
#   Decrease Java thread stack sizes (-Xss)
#   Set larger code cache with -XX:ReservedCodeCacheSize=
# This output file may be truncated or incomplete.
#
#  Out of Memory Error (memory/allocation.inline.hpp:61), pid=6836, tid=0x0000000000002580
#
# JRE version: Java(TM) SE Runtime Environment (8.0_144-b01) (build 1.8.0_144-b01)
# Java VM: Java HotSpot(TM) 64-Bit Server VM (25.144-b01 mixed mode windows-amd64 compressed oops)
# Failed to write core dump. Minidumps are not enabled by default on client versions of Windows
#

---------------  T H R E A D  ---------------

Current thread (0x0000000002b6c800):  GCTaskThread [stack: 0x00000000129c0000,0x0000000012ac0000] [id=9600]

Stack: [0x00000000129c0000,0x0000000012ac0000]
[error occurred during error reporting (printing stack bounds), id 0xc0000005]

Native frames: (J=compiled Java code, j=interpreted, Vv=VM code, C=native code)


---------------  P R O C E S S  ---------------

Java Threads: ( => current thread )
  0x0000000018bb3000 JavaThread "Service Thread" daemon [_thread_blocked, id=464, stack(0x00000000194f0000,0x00000000195f0000)]
  0x0000000018ba7000 JavaThread "C1 CompilerThread2" daemon [_thread_blocked, id=5304, stack(0x00000000193f0000,0x00000000194f0000)]
  0x0000000018b36000 JavaThread "C2 CompilerThread1" daemon [_thread_blocked, id=1240, stack(0x00000000192f0000,0x00000000193f0000)]
  0x0000000018b34000 JavaThread "C2 CompilerThread0" daemon [_thread_blocked, id=7660, stack(0x00000000191f0000,0x00000000192f0000)]
  0x0000000018b11000 JavaThread "Monitor Ctrl-Break" daemon [_thread_in_native, id=5196, stack(0x00000000190f0000,0x00000000191f0000)]
  0x00000000177ec800 JavaThread "Attach Listener" daemon [_thread_blocked, id=10920, stack(0x0000000018ff0000,0x00000000190f0000)]
  0x0000000018b00800 JavaThread "Signal Dispatcher" daemon [_thread_blocked, id=5560, stack(0x0000000018ef0000,0x0000000018ff0000)]
  0x000000001777a000 JavaThread "Finalizer" daemon [_thread_blocked, id=1712, stack(0x00000000189f0000,0x0000000018af0000)]
  0x0000000017759000 JavaThread "Reference Handler" daemon [_thread_blocked, id=10760, stack(0x00000000188f0000,0x00000000189f0000)]
  0x0000000002b52800 JavaThread "main" [_thread_blocked, id=9372, stack(0x0000000002850000,0x0000000002950000)]

Other Threads:
  0x0000000017757800 VMThread [stack: 0x00000000187f0000,0x00000000188f0000] [id=8916]
  0x0000000018c27800 WatcherThread [stack: 0x00000000195f0000,0x00000000196f0000] [id=9224]

=>0x0000000002b6c800 (exited) GCTaskThread [stack: 0x00000000129c0000,0x0000000012ac0000] [id=9600]

VM state:at safepoint (normal execution)

VM Mutex/Monitor currently owned by a thread:  ([mutex/lock_event])
[0x0000000002a4dbe0] Threads_lock - owner thread: 0x0000000017757800
[0x0000000002b50ed0] Heap_lock - owner thread: 0x0000000002b52800

Heap:
 PSYoungGen      total 493568K, used 493484K [0x00000000d5e00000, 0x0000000100000000, 0x0000000100000000)
  eden space 377856K, 100% used [0x00000000d5e00000,0x00000000ecf00000,0x00000000ecf00000)
  from space 115712K, 99% used [0x00000000ecf00000,0x00000000f3feb0f0,0x00000000f4000000)
  to   space 162816K, 7% used [0x00000000f6100000,0x00000000f6c44518,0x0000000100000000)
 ParOldGen       total 1380352K, used 1380351K [0x0000000081a00000, 0x00000000d5e00000, 0x00000000d5e00000)
  object space 1380352K, 99% used [0x0000000081a00000,0x00000000d5dffff8,0x00000000d5e00000)
 Metaspace       used 3760K, capacity 4602K, committed 4864K, reserved 1056768K
  class space    used 393K, capacity 426K, committed 512K, reserved 1048576K

Card table byte_map: [0x0000000012010000,0x0000000012410000] byte_map_base: 0x0000000011c03000

Marking Bits: (ParMarkBitMap*) 0x0000000073c9d850
 Begin Bits: [0x0000000012ac0000, 0x0000000014a58000)
 End Bits:   [0x0000000014a58000, 0x00000000169f0000)

Polling page: 0x00000000005e0000

CodeCache: size=245760Kb used=2349Kb max_used=3257Kb free=243410Kb
 bounds [0x0000000002c50000, 0x0000000002f90000, 0x0000000011c50000]
 total_blobs=559 nmethods=294 adapters=178
 compilation: enabled

Compilation events (10 events):
Event: 1742.907 Thread 0x0000000018ba7000  396 %     3       SA::run @ 54 (256 bytes)
Event: 1742.909 Thread 0x0000000018ba7000 nmethod 396% 0x0000000002dd82d0 code [0x0000000002dd8640, 0x0000000002dda2b8]
Event: 1774.351 Thread 0x0000000018ba7000  397       3       SA::run (256 bytes)
Event: 1774.352 Thread 0x0000000018ba7000 nmethod 397 0x0000000002d84f50 code [0x0000000002d852c0, 0x0000000002d86e58]
Event: 2285.443 Thread 0x0000000018b34000  398       4       java.lang.String::getChars (62 bytes)
Event: 2285.444 Thread 0x0000000018b34000 nmethod 398 0x0000000002e64cd0 code [0x0000000002e64e20, 0x0000000002e64f98]
Event: 2311.818 Thread 0x0000000018b36000  399       4       java.nio.Buffer::<init> (121 bytes)
Event: 2311.819 Thread 0x0000000018b36000 nmethod 399 0x0000000002d60550 code [0x0000000002d606a0, 0x0000000002d60858]
Event: 2611.327 Thread 0x0000000018b36000  400  s    4       java.io.BufferedOutputStream::flush (12 bytes)
Event: 2611.329 Thread 0x0000000018b36000 nmethod 400 0x0000000002e0b250 code [0x0000000002e0b3a0, 0x0000000002e0b728]

GC Heap History (10 events):
Event: 2802.338 GC heap after
Heap after GC invocations=11788 (full 176):
 PSYoungGen      total 541184K, used 104708K [0x00000000d5e00000, 0x0000000100000000, 0x0000000100000000)
  eden space 436224K, 0% used [0x00000000d5e00000,0x00000000d5e00000,0x00000000f0800000)
  from space 104960K, 99% used [0x00000000f0800000,0x00000000f6e41298,0x00000000f6e80000)
  to   space 136192K, 0% used [0x00000000f7b00000,0x00000000f7b00000,0x0000000100000000)
 ParOldGen       total 1380352K, used 1276426K [0x0000000081a00000, 0x00000000d5e00000, 0x00000000d5e00000)
  object space 1380352K, 92% used [0x0000000081a00000,0x00000000cf882bb8,0x00000000d5e00000)
 Metaspace       used 3760K, capacity 4602K, committed 4864K, reserved 1056768K
  class space    used 393K, capacity 426K, committed 512K, reserved 1048576K
}
Event: 2802.519 GC heap before
{Heap before GC invocations=11789 (full 176):
 PSYoungGen      total 541184K, used 540932K [0x00000000d5e00000, 0x0000000100000000, 0x0000000100000000)
  eden space 436224K, 100% used [0x00000000d5e00000,0x00000000f0800000,0x00000000f0800000)
  from space 104960K, 99% used [0x00000000f0800000,0x00000000f6e41298,0x00000000f6e80000)
  to   space 136192K, 0% used [0x00000000f7b00000,0x00000000f7b00000,0x0000000100000000)
 ParOldGen       total 1380352K, used 1276426K [0x0000000081a00000, 0x00000000d5e00000, 0x00000000d5e00000)
  object space 1380352K, 92% used [0x0000000081a00000,0x00000000cf882bb8,0x00000000d5e00000)
 Metaspace       used 3760K, capacity 4602K, committed 4864K, reserved 1056768K
  class space    used 393K, capacity 426K, committed 512K, reserved 1048576K
Event: 2802.568 GC heap after
Heap after GC invocations=11789 (full 176):
 PSYoungGen      total 559616K, used 58010K [0x00000000d5e00000, 0x0000000100000000, 0x0000000100000000)
  eden space 423424K, 0% used [0x00000000d5e00000,0x00000000d5e00000,0x00000000efb80000)
  from space 136192K, 42% used [0x00000000f7b00000,0x00000000fb3a6bd8,0x0000000100000000)
  to   space 130560K, 0% used [0x00000000efb80000,0x00000000efb80000,0x00000000f7b00000)
 ParOldGen       total 1380352K, used 1302636K [0x0000000081a00000, 0x00000000d5e00000, 0x00000000d5e00000)
  object space 1380352K, 94% used [0x0000000081a00000,0x00000000d121b0d0,0x00000000d5e00000)
 Metaspace       used 3760K, capacity 4602K, committed 4864K, reserved 1056768K
  class space    used 393K, capacity 426K, committed 512K, reserved 1048576K
}
Event: 2802.745 GC heap before
{Heap before GC invocations=11790 (full 176):
 PSYoungGen      total 559616K, used 481434K [0x00000000d5e00000, 0x0000000100000000, 0x0000000100000000)
  eden space 423424K, 100% used [0x00000000d5e00000,0x00000000efb80000,0x00000000efb80000)
  from space 136192K, 42% used [0x00000000f7b00000,0x00000000fb3a6bd8,0x0000000100000000)
  to   space 130560K, 0% used [0x00000000efb80000,0x00000000efb80000,0x00000000f7b00000)
 ParOldGen       total 1380352K, used 1302636K [0x0000000081a00000, 0x00000000d5e00000, 0x00000000d5e00000)
  object space 1380352K, 94% used [0x0000000081a00000,0x00000000d121b0d0,0x00000000d5e00000)
 Metaspace       used 3760K, capacity 4602K, committed 4864K, reserved 1056768K
  class space    used 393K, capacity 426K, committed 512K, reserved 1048576K
Event: 2802.823 GC heap after
Heap after GC invocations=11790 (full 176):
 PSYoungGen      total 553984K, used 130542K [0x00000000d5e00000, 0x0000000100000000, 0x0000000100000000)
  eden space 423424K, 0% used [0x00000000d5e00000,0x00000000d5e00000,0x00000000efb80000)
  from space 130560K, 99% used [0x00000000efb80000,0x00000000f7afb958,0x00000000f7b00000)
  to   space 136192K, 0% used [0x00000000f7b00000,0x00000000f7b00000,0x0000000100000000)
 ParOldGen       total 1380352K, used 1317676K [0x0000000081a00000, 0x00000000d5e00000, 0x00000000d5e00000)
  object space 1380352K, 95% used [0x0000000081a00000,0x00000000d20cb278,0x00000000d5e00000)
 Metaspace       used 3760K, capacity 4602K, committed 4864K, reserved 1056768K
  class space    used 393K, capacity 426K, committed 512K, reserved 1048576K
}
Event: 2803.016 GC heap before
{Heap before GC invocations=11791 (full 176):
 PSYoungGen      total 553984K, used 553966K [0x00000000d5e00000, 0x0000000100000000, 0x0000000100000000)
  eden space 423424K, 100% used [0x00000000d5e00000,0x00000000efb80000,0x00000000efb80000)
  from space 130560K, 99% used [0x00000000efb80000,0x00000000f7afb958,0x00000000f7b00000)
  to   space 136192K, 0% used [0x00000000f7b00000,0x00000000f7b00000,0x0000000100000000)
 ParOldGen       total 1380352K, used 1317676K [0x0000000081a00000, 0x00000000d5e00000, 0x00000000d5e00000)
  object space 1380352K, 95% used [0x0000000081a00000,0x00000000d20cb278,0x00000000d5e00000)
 Metaspace       used 3760K, capacity 4602K, committed 4864K, reserved 1056768K
  class space    used 393K, capacity 426K, committed 512K, reserved 1048576K
Event: 2803.070 GC heap after
Heap after GC invocations=11791 (full 176):
 PSYoungGen      total 514048K, used 102220K [0x00000000d5e00000, 0x0000000100000000, 0x0000000100000000)
  eden space 377856K, 0% used [0x00000000d5e00000,0x00000000d5e00000,0x00000000ecf00000)
  from space 136192K, 75% used [0x00000000f7b00000,0x00000000fded30f0,0x0000000100000000)
  to   space 156160K, 0% used [0x00000000ecf00000,0x00000000ecf00000,0x00000000f6780000)
 ParOldGen       total 1380352K, used 1317724K [0x0000000081a00000, 0x00000000d5e00000, 0x00000000d5e00000)
  object space 1380352K, 95% used [0x0000000081a00000,0x00000000d20d7278,0x00000000d5e00000)
 Metaspace       used 3760K, capacity 4602K, committed 4864K, reserved 1056768K
  class space    used 393K, capacity 426K, committed 512K, reserved 1048576K
}
Event: 2803.244 GC heap before
{Heap before GC invocations=11792 (full 176):
 PSYoungGen      total 514048K, used 480076K [0x00000000d5e00000, 0x0000000100000000, 0x0000000100000000)
  eden space 377856K, 100% used [0x00000000d5e00000,0x00000000ecf00000,0x00000000ecf00000)
  from space 136192K, 75% used [0x00000000f7b00000,0x00000000fded30f0,0x0000000100000000)
  to   space 156160K, 0% used [0x00000000ecf00000,0x00000000ecf00000,0x00000000f6780000)
 ParOldGen       total 1380352K, used 1317724K [0x0000000081a00000, 0x00000000d5e00000, 0x00000000d5e00000)
  object space 1380352K, 95% used [0x0000000081a00000,0x00000000d20d7278,0x00000000d5e00000)
 Metaspace       used 3760K, capacity 4602K, committed 4864K, reserved 1056768K
  class space    used 393K, capacity 426K, committed 512K, reserved 1048576K
Event: 2803.310 GC heap after
Heap after GC invocations=11792 (full 176):
 PSYoungGen      total 493568K, used 115628K [0x00000000d5e00000, 0x0000000100000000, 0x0000000100000000)
  eden space 377856K, 0% used [0x00000000d5e00000,0x00000000d5e00000,0x00000000ecf00000)
  from space 115712K, 99% used [0x00000000ecf00000,0x00000000f3feb0f0,0x00000000f4000000)
  to   space 162816K, 0% used [0x00000000f6100000,0x00000000f6100000,0x0000000100000000)
 ParOldGen       total 1380352K, used 1317756K [0x0000000081a00000, 0x00000000d5e00000, 0x00000000d5e00000)
  object space 1380352K, 95% used [0x0000000081a00000,0x00000000d20df278,0x00000000d5e00000)
 Metaspace       used 3760K, capacity 4602K, committed 4864K, reserved 1056768K
  class space    used 393K, capacity 426K, committed 512K, reserved 1048576K
}
Event: 2803.582 GC heap before
{Heap before GC invocations=11793 (full 176):
 PSYoungGen      total 493568K, used 493484K [0x00000000d5e00000, 0x0000000100000000, 0x0000000100000000)
  eden space 377856K, 100% used [0x00000000d5e00000,0x00000000ecf00000,0x00000000ecf00000)
  from space 115712K, 99% used [0x00000000ecf00000,0x00000000f3feb0f0,0x00000000f4000000)
  to   space 162816K, 0% used [0x00000000f6100000,0x00000000f6100000,0x0000000100000000)
 ParOldGen       total 1380352K, used 1317756K [0x0000000081a00000, 0x00000000d5e00000, 0x00000000d5e00000)
  object space 1380352K, 95% used [0x0000000081a00000,0x00000000d20df278,0x00000000d5e00000)
 Metaspace       used 3760K, capacity 4602K, committed 4864K, reserved 1056768K
  class space    used 393K, capacity 426K, committed 512K, reserved 1048576K

Deoptimization events (10 events):
Event: 2.285 Thread 0x0000000002b52800 Uncommon trap: reason=unstable_if action=reinterpret pc=0x0000000002e7f594 method=MachineInstance.addInstance(LInstance;)Z @ 861
Event: 7.200 Thread 0x0000000002b52800 Uncommon trap: reason=unstable_if action=reinterpret pc=0x0000000002e6cfb4 method=java.util.HashMap.putVal(ILjava/lang/Object;Ljava/lang/Object;ZZ)Ljava/lang/Object; @ 69
Event: 7.609 Thread 0x0000000002b52800 Uncommon trap: reason=unstable_if action=reinterpret pc=0x0000000002ed6a88 method=MachineInstance.addInstance(LInstance;)Z @ 451
Event: 8.321 Thread 0x0000000002b52800 Uncommon trap: reason=unstable_if action=reinterpret pc=0x0000000002f1f670 method=MachineInstance.addInstance(LInstance;)Z @ 613
Event: 17.759 Thread 0x0000000002b52800 Uncommon trap: reason=unstable_if action=reinterpret pc=0x0000000002ef1aa8 method=java.util.HashMap$HashIterator.nextNode()Ljava/util/HashMap$Node; @ 74
Event: 17.759 Thread 0x0000000002b52800 Uncommon trap: reason=unstable_if action=reinterpret pc=0x0000000002ef42f0 method=FirstFit.run()V @ 217
Event: 17.767 Thread 0x0000000002b52800 Uncommon trap: reason=unstable_if action=reinterpret pc=0x0000000002ef2428 method=java.lang.Math.max(DD)D @ 17
Event: 17.812 Thread 0x0000000002b52800 Uncommon trap: reason=unstable_if action=reinterpret pc=0x0000000002f1bc9c method=MachineInstance.getFitness()V @ 12
Event: 368.531 Thread 0x0000000002b52800 Uncommon trap: reason=unstable_if action=reinterpret pc=0x0000000002f73200 method=java.util.Random.nextInt(I)I @ 58
Event: 464.756 Thread 0x0000000002b52800 Uncommon trap: reason=unstable_if action=reinterpret pc=0x0000000002d93338 method=SA.moveOneInstance()V @ 169

Internal exceptions (2 events):
Event: 0.037 Thread 0x0000000002b52800 Exception <a 'java/lang/NoSuchMethodError': Method sun.misc.Unsafe.defineClass(Ljava/lang/String;[BII)Ljava/lang/Class; name or signature does not match> (0x00000000d5e07ca8) thrown at [C:\re\workspace\8-2-build-windows-amd64-cygwin\jdk8u144\9417\hotspot\
Event: 0.037 Thread 0x0000000002b52800 Exception <a 'java/lang/NoSuchMethodError': Method sun.misc.Unsafe.prefetchRead(Ljava/lang/Object;J)V name or signature does not match> (0x00000000d5e07f90) thrown at [C:\re\workspace\8-2-build-windows-amd64-cygwin\jdk8u144\9417\hotspot\src\share\vm\prims

Events (10 events):
Event: 2802.338 Executing VM operation: ParallelGCFailedAllocation done
Event: 2802.519 Executing VM operation: ParallelGCFailedAllocation
Event: 2802.568 Executing VM operation: ParallelGCFailedAllocation done
Event: 2802.745 Executing VM operation: ParallelGCFailedAllocation
Event: 2802.823 Executing VM operation: ParallelGCFailedAllocation done
Event: 2803.015 Executing VM operation: ParallelGCFailedAllocation
Event: 2803.070 Executing VM operation: ParallelGCFailedAllocation done
Event: 2803.244 Executing VM operation: ParallelGCFailedAllocation
Event: 2803.310 Executing VM operation: ParallelGCFailedAllocation done
Event: 2803.581 Executing VM operation: ParallelGCFailedAllocation


Dynamic libraries:
0x00007ff64d930000 - 0x00007ff64d967000 	C:\Program Files\Java\jdk1.8.0_144\bin\java.exe
0x00007ffdd0360000 - 0x00007ffdd0541000 	C:\WINDOWS\SYSTEM32\ntdll.dll
0x00007ffdcd8e0000 - 0x00007ffdcd992000 	C:\WINDOWS\System32\KERNEL32.DLL
0x00007ffdcc9a0000 - 0x00007ffdccc13000 	C:\WINDOWS\System32\KERNELBASE.dll
0x00007ffdcd7f0000 - 0x00007ffdcd891000 	C:\WINDOWS\System32\ADVAPI32.dll
0x00007ffdcf400000 - 0x00007ffdcf49e000 	C:\WINDOWS\System32\msvcrt.dll
0x00007ffdcef30000 - 0x00007ffdcef8b000 	C:\WINDOWS\System32\sechost.dll
0x00007ffdd0000000 - 0x00007ffdd0124000 	C:\WINDOWS\System32\RPCRT4.dll
0x00007ffdcfbd0000 - 0x00007ffdcfd60000 	C:\WINDOWS\System32\USER32.dll
0x00007ffdccfb0000 - 0x00007ffdccfd0000 	C:\WINDOWS\System32\win32u.dll
0x00007ffdcfdc0000 - 0x00007ffdcfde8000 	C:\WINDOWS\System32\GDI32.dll
0x00007ffdcce10000 - 0x00007ffdccfa2000 	C:\WINDOWS\System32\gdi32full.dll
0x00007ffdcc900000 - 0x00007ffdcc99f000 	C:\WINDOWS\System32\msvcp_win.dll
0x00007ffdcc730000 - 0x00007ffdcc82a000 	C:\WINDOWS\System32\ucrtbase.dll
0x00007ffdc0ea0000 - 0x00007ffdc1109000 	C:\WINDOWS\WinSxS\amd64_microsoft.windows.common-controls_6595b64144ccf1df_6.0.17134.137_none_fb44974530639b67\COMCTL32.dll
0x00007ffdcf020000 - 0x00007ffdcf343000 	C:\WINDOWS\System32\combase.dll
0x00007ffdcc830000 - 0x00007ffdcc8aa000 	C:\WINDOWS\System32\bcryptPrimitives.dll
0x00007ffdcd8a0000 - 0x00007ffdcd8cd000 	C:\WINDOWS\System32\IMM32.DLL
0x0000000074570000 - 0x0000000074642000 	C:\Program Files\Java\jdk1.8.0_144\jre\bin\msvcr100.dll
0x0000000073480000 - 0x0000000073d1d000 	C:\Program Files\Java\jdk1.8.0_144\jre\bin\server\jvm.dll
0x00007ffdcef90000 - 0x00007ffdcef98000 	C:\WINDOWS\System32\PSAPI.DLL
0x00007ffdc0c30000 - 0x00007ffdc0c39000 	C:\WINDOWS\SYSTEM32\WSOCK32.dll
0x00007ffdcfa70000 - 0x00007ffdcfadc000 	C:\WINDOWS\System32\WS2_32.dll
0x00007ffdc5f60000 - 0x00007ffdc5f83000 	C:\WINDOWS\SYSTEM32\WINMM.dll
0x00007ffdc5a70000 - 0x00007ffdc5a7a000 	C:\WINDOWS\SYSTEM32\VERSION.dll
0x00007ffdc5f30000 - 0x00007ffdc5f5a000 	C:\WINDOWS\SYSTEM32\WINMMBASE.dll
0x00007ffdcc8b0000 - 0x00007ffdcc8f9000 	C:\WINDOWS\System32\cfgmgr32.dll
0x00000000773e0000 - 0x00000000773ef000 	C:\Program Files\Java\jdk1.8.0_144\jre\bin\verify.dll
0x0000000074540000 - 0x0000000074569000 	C:\Program Files\Java\jdk1.8.0_144\jre\bin\java.dll
0x0000000074510000 - 0x0000000074533000 	C:\Program Files\Java\jdk1.8.0_144\jre\bin\instrument.dll
0x00000000744f0000 - 0x0000000074506000 	C:\Program Files\Java\jdk1.8.0_144\jre\bin\zip.dll
0x00007ffdcdaf0000 - 0x00007ffdcef30000 	C:\WINDOWS\System32\SHELL32.dll
0x00007ffdcf350000 - 0x00007ffdcf3f9000 	C:\WINDOWS\System32\shcore.dll
0x00007ffdccfd0000 - 0x00007ffdcd6dd000 	C:\WINDOWS\System32\windows.storage.dll
0x00007ffdd02d0000 - 0x00007ffdd0321000 	C:\WINDOWS\System32\shlwapi.dll
0x00007ffdcc6a0000 - 0x00007ffdcc6b1000 	C:\WINDOWS\System32\kernel.appcore.dll
0x00007ffdcc680000 - 0x00007ffdcc69f000 	C:\WINDOWS\System32\profapi.dll
0x00007ffdcc6c0000 - 0x00007ffdcc70c000 	C:\WINDOWS\System32\powrprof.dll
0x00007ffdcc670000 - 0x00007ffdcc67a000 	C:\WINDOWS\System32\FLTLIB.DLL
0x00007ffdb57f0000 - 0x00007ffdb580a000 	C:\Program Files\JetBrains\IntelliJ IDEA\bin\breakgen64.dll
0x00000000743e0000 - 0x00000000743fa000 	C:\Program Files\Java\jdk1.8.0_144\jre\bin\net.dll
0x00007ffdcbef0000 - 0x00007ffdcbf56000 	C:\WINDOWS\system32\mswsock.dll

VM Arguments:
jvm_args: -javaagent:C:\Program Files\JetBrains\IntelliJ IDEA\lib\idea_rt.jar=10105:C:\Program Files\JetBrains\IntelliJ IDEA\bin -Dfile.encoding=UTF-8 
java_command: Main
java_class_path (initial): C:\Program Files\Java\jdk1.8.0_144\jre\lib\charsets.jar;C:\Program Files\Java\jdk1.8.0_144\jre\lib\deploy.jar;C:\Program Files\Java\jdk1.8.0_144\jre\lib\ext\access-bridge-64.jar;C:\Program Files\Java\jdk1.8.0_144\jre\lib\ext\cldrdata.jar;C:\Program Files\Java\jdk1.8.0_144\jre\lib\ext\dnsns.jar;C:\Program Files\Java\jdk1.8.0_144\jre\lib\ext\jaccess.jar;C:\Program Files\Java\jdk1.8.0_144\jre\lib\ext\jfxrt.jar;C:\Program Files\Java\jdk1.8.0_144\jre\lib\ext\localedata.jar;C:\Program Files\Java\jdk1.8.0_144\jre\lib\ext\nashorn.jar;C:\Program Files\Java\jdk1.8.0_144\jre\lib\ext\sunec.jar;C:\Program Files\Java\jdk1.8.0_144\jre\lib\ext\sunjce_provider.jar;C:\Program Files\Java\jdk1.8.0_144\jre\lib\ext\sunmscapi.jar;C:\Program Files\Java\jdk1.8.0_144\jre\lib\ext\sunpkcs11.jar;C:\Program Files\Java\jdk1.8.0_144\jre\lib\ext\zipfs.jar;C:\Program Files\Java\jdk1.8.0_144\jre\lib\javaws.jar;C:\Program Files\Java\jdk1.8.0_144\jre\lib\jce.jar;C:\Program Files\Java\jdk1.8.0_144\jre\lib\jfr.jar;C:\Program Files\Java\jdk1.8.0_144\jre\lib\jfxswt.jar;C:\Program Files\Java\jdk1.8.0_144\jre\lib\jsse.jar;C:\Program Files\Java\jdk1.8.0_144\jre\lib\management-agent.jar;C:\Program Files\Java\jdk1.8.0_144\jre\lib\plugin.jar;C:\Program Files\Java\jdk1.8.0_144\jre\lib\resources.jar;C:\Program Files\Java\jdk1.8.0_144\jre\lib\rt.jar;D:\Erland\Documents\Java\AliScheduling\out\production\AliScheduling;C:\Program Files\JetBrains\IntelliJ IDEA\lib\idea_rt.jar
Launcher Type: SUN_STANDARD

Environment Variables:
JAVA_HOME=D:\Erland\java
CLASSPATH=.;D:\Erland\java\lib\dt.jar;D:\Erland\java\lib\tools.jar;
PATH=C:\ProgramData\Oracle\Java\javapath;C:\WINDOWS\system32;C:\WINDOWS;C:\WINDOWS\System32\Wbem;C:\WINDOWS\System32\WindowsPowerShell\v1.0\;D:\Erland\java\bin;D:\Erland\java\jre\bin;C:\Program Files (x86)\IDM Computer Solutions\UltraEdit;C:\Program Files (x86)\Windows Kits\8.1\Windows Performance Toolkit\;C:\Program Files\Microsoft SQL Server\110\Tools\Binn\;C:\Program Files\MySQL\MySQL Utilities 1.6\;C:\Program Files\MATLAB\R2016a\runtime\win64;C:\Program Files\MATLAB\R2016a\bin;C:\Program Files\MATLAB\R2016a\polyspace\bin;C:\Program Files\python34;C:\Program Files\python34\Scripts;C:\WINDOWS\System32\OpenSSH\;C:\Program Files (x86)\scala\bin;D:\Erland\Documents\spark-2.3.1-bin-hadoop2.7\bin;D:\Erland\Documents\spark-2.3.1-bin-hadoop2.7\sbin;D:\Erland\Documents\hadoop-2.7.6\bin;"C:\Program Files\MySQL\MySQL Server 5.7\bin";C:\Users\Erland\AppData\Local\Microsoft\WindowsApps;;C:\Program Files\Microsoft VS Code\bin
USERNAME=Erland
OS=Windows_NT
PROCESSOR_IDENTIFIER=Intel64 Family 6 Model 94 Stepping 3, GenuineIntel



---------------  S Y S T E M  ---------------

OS: Windows 10.0 , 64 bit Build 17134 (10.0.17134.1)

CPU:total 4 (initial active 4) (4 cores per cpu, 1 threads per core) family 6 model 94 stepping 3, cmov, cx8, fxsr, mmx, sse, sse2, sse3, ssse3, sse4.1, sse4.2, popcnt, avx, avx2, aes, clmul, erms, rtm, 3dnowpref, lzcnt, tsc, tscinvbit, bmi1, bmi2, adx

Memory: 4k page, physical 8275872k(1173288k free), swap 8275872k(4216k free)

vm_info: Java HotSpot(TM) 64-Bit Server VM (25.144-b01) for windows-amd64 JRE (1.8.0_144-b01), built on Jul 21 2017 21:57:33 by "java_re" with MS VC++ 10.0 (VS2010)

time: Fri Jul 06 22:29:57 2018
elapsed time: 2803 seconds (0d 0h 46m 43s)

